SF:lib/cubit/note_cubit.dart
DA:6,0
DA:10,0
DA:15,0
DA:16,0
DA:23,0
DA:25,0
DA:28,0
DA:29,0
DA:30,0
DA:33,0
DA:34,0
DA:35,0
LF:12
LH:0
end_of_record
SF:lib/data/model/note_model.dart
DA:6,2
LF:1
LH:1
end_of_record
SF:lib/screens/add_notes_page.dart
DA:6,1
DA:8,1
DA:9,1
DA:16,1
DA:18,1
DA:19,1
DA:27,1
DA:28,1
DA:30,1
DA:31,1
DA:33,1
DA:34,1
DA:45,1
DA:46,1
DA:60,1
DA:61,0
DA:62,0
DA:63,0
DA:64,0
DA:67,0
LF:20
LH:15
end_of_record
SF:lib/screens/home_page.dart
DA:8,1
DA:10,1
DA:11,1
DA:15,1
DA:17,1
DA:18,3
DA:21,1
DA:23,1
DA:24,1
DA:32,1
DA:34,1
DA:35,1
DA:36,1
DA:37,1
DA:38,1
DA:40,1
DA:41,1
DA:43,1
DA:44,1
DA:46,0
DA:47,0
DA:49,1
DA:50,1
DA:52,1
DA:61,1
DA:62,1
DA:64,1
DA:65,1
DA:66,1
DA:67,1
DA:74,1
DA:75,1
DA:89,1
DA:90,0
DA:91,0
LF:35
LH:31
end_of_record
SF:lib/data/repository/note_repository.dart
DA:7,1
DA:9,1
DA:11,1
DA:13,3
DA:18,0
DA:22,1
DA:24,2
DA:25,3
DA:26,1
DA:27,1
DA:28,1
DA:29,1
DA:30,1
DA:32,1
DA:34,0
DA:35,0
DA:39,1
DA:41,3
DA:43,0
LF:19
LH:15
end_of_record
SF:lib/theme/pallete.dart
DA:11,0
DA:23,0
LF:2
LH:0
end_of_record
